<?xml version="1.0" encoding="UTF-8"?>
<!-- Generated by org.testng.reporters.JUnitXMLReporter -->
<testsuite ignored="1" hostname="DESKTOP-92J9GF7" failures="0" tests="2" name="OpencartnewTest" time="38.769" errors="0" timestamp="2023-04-03T22:16:10 EDT">
  <testcase classname="testCases.TC_AccountRegTest" name="test_accountReg" time="3.604"/>
  <testcase classname="testCases.TC_LoginTest" name="test_login" time="1.023"/>
  <testcase classname="testCases.TC_DataProviderTest" name="test_loginDDT" time="0.0">
    <ignored/>
  </testcase> <!-- test_loginDDT -->
</testsuite> <!-- OpencartnewTest -->
