<?xml version="1.0" encoding="UTF-8"?>
<testng-results ignored="0" total="2" passed="2" failed="0" skipped="0">
  <reporter-output>
  </reporter-output>
  <suite started-at="2023-04-04T23:44:35 EDT" name="OpencartnewSuite" finished-at="2023-04-04T23:44:52 EDT" duration-ms="16565">
    <groups>
      <group name="Master">
        <method signature="TC_AccountRegTest.test_accountReg()[pri:0, instance:testCases.TC_AccountRegTest@48075da3]" name="test_accountReg" class="testCases.TC_AccountRegTest"/>
        <method signature="TC_LoginTest.test_login()[pri:0, instance:testCases.TC_LoginTest@413d1baf]" name="test_login" class="testCases.TC_LoginTest"/>
      </group> <!-- Master -->
      <group name="Sanity">
        <method signature="TC_LoginTest.test_login()[pri:0, instance:testCases.TC_LoginTest@413d1baf]" name="test_login" class="testCases.TC_LoginTest"/>
      </group> <!-- Sanity -->
      <group name="Regression">
        <method signature="TC_AccountRegTest.test_accountReg()[pri:0, instance:testCases.TC_AccountRegTest@48075da3]" name="test_accountReg" class="testCases.TC_AccountRegTest"/>
      </group> <!-- Regression -->
    </groups>
    <test started-at="2023-04-04T23:44:35 EDT" name="OpencartnewTest" finished-at="2023-04-04T23:44:52 EDT" duration-ms="16565">
      <class name="testCases.TC_LoginTest">
        <test-method is-config="true" signature="setup(java.lang.String)[pri:0, instance:testCases.TC_LoginTest@413d1baf]" started-at="2023-04-04T23:44:46 EDT" name="setup" finished-at="2023-04-04T23:44:51 EDT" duration-ms="4211" status="PASS">
          <params>
            <param index="0">
              <value>
                <![CDATA[chrome]]>
              </value>
            </param>
          </params>
          <reporter-output>
          </reporter-output>
        </test-method> <!-- setup -->
        <test-method signature="test_login()[pri:0, instance:testCases.TC_LoginTest@413d1baf]" started-at="2023-04-04T23:44:51 EDT" name="test_login" finished-at="2023-04-04T23:44:52 EDT" duration-ms="1002" status="PASS">
          <reporter-output>
          </reporter-output>
        </test-method> <!-- test_login -->
        <test-method is-config="true" signature="tearDown()[pri:0, instance:testCases.TC_LoginTest@413d1baf]" started-at="2023-04-04T23:44:52 EDT" name="tearDown" finished-at="2023-04-04T23:44:52 EDT" duration-ms="181" status="PASS">
          <reporter-output>
          </reporter-output>
        </test-method> <!-- tearDown -->
      </class> <!-- testCases.TC_LoginTest -->
      <class name="testCases.TC_AccountRegTest">
        <test-method is-config="true" signature="setup(java.lang.String)[pri:0, instance:testCases.TC_AccountRegTest@48075da3]" started-at="2023-04-04T23:44:35 EDT" name="setup" finished-at="2023-04-04T23:44:43 EDT" duration-ms="7247" status="PASS">
          <params>
            <param index="0">
              <value>
                <![CDATA[chrome]]>
              </value>
            </param>
          </params>
          <reporter-output>
          </reporter-output>
        </test-method> <!-- setup -->
        <test-method signature="test_accountReg()[pri:0, instance:testCases.TC_AccountRegTest@48075da3]" started-at="2023-04-04T23:44:43 EDT" name="test_accountReg" finished-at="2023-04-04T23:44:46 EDT" duration-ms="3439" status="PASS">
          <reporter-output>
          </reporter-output>
        </test-method> <!-- test_accountReg -->
        <test-method is-config="true" signature="tearDown()[pri:0, instance:testCases.TC_AccountRegTest@48075da3]" started-at="2023-04-04T23:44:46 EDT" name="tearDown" finished-at="2023-04-04T23:44:46 EDT" duration-ms="207" status="PASS">
          <reporter-output>
          </reporter-output>
        </test-method> <!-- tearDown -->
      </class> <!-- testCases.TC_AccountRegTest -->
    </test> <!-- OpencartnewTest -->
  </suite> <!-- OpencartnewSuite -->
</testng-results>
