<?xml version="1.0" encoding="UTF-8"?>
<testng-results ignored="1" total="3" passed="2" failed="0" skipped="0">
  <reporter-output>
  </reporter-output>
  <suite started-at="2023-04-03T22:15:31 EDT" name="OpencartnewSuite" finished-at="2023-04-03T22:16:09 EDT" duration-ms="38769">
    <groups>
      <group name="Master">
        <method signature="TC_AccountRegTest.test_accountReg()[pri:0, instance:testCases.TC_AccountRegTest@350aac89]" name="test_accountReg" class="testCases.TC_AccountRegTest"/>
        <method signature="TC_LoginTest.test_login()[pri:0, instance:testCases.TC_LoginTest@1c5920df]" name="test_login" class="testCases.TC_LoginTest"/>
      </group> <!-- Master -->
      <group name="Sanity">
        <method signature="TC_LoginTest.test_login()[pri:0, instance:testCases.TC_LoginTest@1c5920df]" name="test_login" class="testCases.TC_LoginTest"/>
      </group> <!-- Sanity -->
      <group name="Regression">
        <method signature="TC_AccountRegTest.test_accountReg()[pri:0, instance:testCases.TC_AccountRegTest@350aac89]" name="test_accountReg" class="testCases.TC_AccountRegTest"/>
      </group> <!-- Regression -->
    </groups>
    <test started-at="2023-04-03T22:15:31 EDT" name="OpencartnewTest" finished-at="2023-04-03T22:16:09 EDT" duration-ms="38769">
      <class name="testCases.TC_LoginTest">
        <test-method is-config="true" signature="setup(java.lang.String)[pri:0, instance:testCases.TC_LoginTest@1c5920df]" started-at="2023-04-03T22:15:53 EDT" name="setup" finished-at="2023-04-03T22:16:08 EDT" duration-ms="14777" status="PASS">
          <params>
            <param index="0">
              <value>
                <![CDATA[chrome]]>
              </value>
            </param>
          </params>
          <reporter-output>
          </reporter-output>
        </test-method> <!-- setup -->
        <test-method signature="test_login()[pri:0, instance:testCases.TC_LoginTest@1c5920df]" started-at="2023-04-03T22:16:08 EDT" name="test_login" finished-at="2023-04-03T22:16:09 EDT" duration-ms="1023" status="PASS">
          <reporter-output>
          </reporter-output>
        </test-method> <!-- test_login -->
        <test-method is-config="true" signature="tearDown()[pri:0, instance:testCases.TC_LoginTest@1c5920df]" started-at="2023-04-03T22:16:09 EDT" name="tearDown" finished-at="2023-04-03T22:16:09 EDT" duration-ms="187" status="PASS">
          <reporter-output>
          </reporter-output>
        </test-method> <!-- tearDown -->
      </class> <!-- testCases.TC_LoginTest -->
      <class name="testCases.TC_AccountRegTest">
        <test-method is-config="true" signature="setup(java.lang.String)[pri:0, instance:testCases.TC_AccountRegTest@350aac89]" started-at="2023-04-03T22:15:31 EDT" name="setup" finished-at="2023-04-03T22:15:50 EDT" duration-ms="18650" status="PASS">
          <params>
            <param index="0">
              <value>
                <![CDATA[chrome]]>
              </value>
            </param>
          </params>
          <reporter-output>
          </reporter-output>
        </test-method> <!-- setup -->
        <test-method signature="test_accountReg()[pri:0, instance:testCases.TC_AccountRegTest@350aac89]" started-at="2023-04-03T22:15:50 EDT" name="test_accountReg" finished-at="2023-04-03T22:15:53 EDT" duration-ms="3604" status="PASS">
          <reporter-output>
          </reporter-output>
        </test-method> <!-- test_accountReg -->
        <test-method is-config="true" signature="tearDown()[pri:0, instance:testCases.TC_AccountRegTest@350aac89]" started-at="2023-04-03T22:15:53 EDT" name="tearDown" finished-at="2023-04-03T22:15:53 EDT" duration-ms="226" status="PASS">
          <reporter-output>
          </reporter-output>
        </test-method> <!-- tearDown -->
      </class> <!-- testCases.TC_AccountRegTest -->
    </test> <!-- OpencartnewTest -->
  </suite> <!-- OpencartnewSuite -->
</testng-results>
